# JRE version: OpenJDK Runtime Environment Temurin-17.0.3+7 (17.0.3+7) (build 17.0.3+7)
# Java VM: OpenJDK 64-Bit Server VM Temurin-17.0.3+7 (17.0.3+7, mixed mode, sharing, tiered, compressed oops, compressed class ptrs, g1 gc, windows-amd64)
GC Precious Log:
 CPUs: 16 total, 16 available
 Memory: 15681M
 Large Page Support: Disabled
 NUMA Support: Disabled
 Compressed Oops: Enabled (Zero based)
 Heap Region Size: 2M
 Heap Min Capacity: 512M
 Heap Initial Capacity: 512M
 Heap Max Capacity: 4072M
 Pre-touch: Disabled
 Parallel Workers: 13
 Concurrent Workers: 3
 Concurrent Refinement Workers: 13
 Periodic GC: Disabled
 String Deduplication is enabled
Heap:
 garbage-first heap   total 524288K, used 116741K [0x0000000701800000, 0x0000000800000000)
  region size 2048K, 16 young (32768K), 1 survivors (2048K)
 Metaspace       used 83670K, committed 84352K, reserved 1122304K
  class space    used 11570K, committed 11904K, reserved 1048576K
GC Heap History (20 events):
Event: 195.539 GC heap before
{Heap before GC invocations=36 (full 16):
 garbage-first heap   total 524288K, used 92130K [0x0000000701800000, 0x0000000800000000)
  region size 2048K, 2 young (4096K), 0 survivors (0K)
 Metaspace       used 83020K, committed 83648K, reserved 1122304K
  class space    used 11538K, committed 11840K, reserved 1048576K
}
Event: 195.580 GC heap after
{Heap after GC invocations=37 (full 17):
 garbage-first heap   total 524288K, used 90086K [0x0000000701800000, 0x0000000800000000)
  region size 2048K, 0 young (0K), 0 survivors (0K)
 Metaspace       used 83020K, committed 83648K, reserved 1122304K
  class space    used 11538K, committed 11840K, reserved 1048576K
}
Event: 195.596 GC heap before
{Heap before GC invocations=37 (full 17):
 garbage-first heap   total 524288K, used 90086K [0x0000000701800000, 0x0000000800000000)
  region size 2048K, 1 young (2048K), 0 survivors (0K)
 Metaspace       used 83021K, committed 83648K, reserved 1122304K
  class space    used 11538K, committed 11840K, reserved 1048576K
}
Event: 195.636 GC heap after
{Heap after GC invocations=38 (full 18):
 garbage-first heap   total 524288K, used 90080K [0x0000000701800000, 0x0000000800000000)
  region size 2048K, 0 young (0K), 0 survivors (0K)
 Metaspace       used 83021K, committed 83648K, reserved 1122304K
  class space    used 11538K, committed 11840K, reserved 1048576K
}
Event: 195.913 GC heap before
{Heap before GC invocations=38 (full 18):
 garbage-first heap   total 524288K, used 92128K [0x0000000701800000, 0x0000000800000000)
  region size 2048K, 2 young (4096K), 0 survivors (0K)
 Metaspace       used 83023K, committed 83648K, reserved 1122304K
  class space    used 11538K, committed 11840K, reserved 1048576K
}
Event: 195.954 GC heap after
{Heap after GC invocations=39 (full 19):
 garbage-first heap   total 524288K, used 90081K [0x0000000701800000, 0x0000000800000000)
  region size 2048K, 0 young (0K), 0 survivors (0K)
 Metaspace       used 83023K, committed 83648K, reserved 1122304K
  class space    used 11538K, committed 11840K, reserved 1048576K
}
Event: 195.988 GC heap before
{Heap before GC invocations=39 (full 19):
 garbage-first heap   total 524288K, used 90081K [0x0000000701800000, 0x0000000800000000)
  region size 2048K, 1 young (2048K), 0 survivors (0K)
 Metaspace       used 83023K, committed 83648K, reserved 1122304K
  class space    used 11538K, committed 11840K, reserved 1048576K
}
Event: 196.029 GC heap after
{Heap after GC invocations=40 (full 20):
 garbage-first heap   total 524288K, used 90075K [0x0000000701800000, 0x0000000800000000)
  region size 2048K, 0 young (0K), 0 survivors (0K)
 Metaspace       used 83023K, committed 83648K, reserved 1122304K
  class space    used 11538K, committed 11840K, reserved 1048576K
}
Event: 196.075 GC heap before
{Heap before GC invocations=40 (full 20):
 garbage-first heap   total 524288K, used 92123K [0x0000000701800000, 0x0000000800000000)
  region size 2048K, 2 young (4096K), 0 survivors (0K)
 Metaspace       used 83023K, committed 83648K, reserved 1122304K
  class space    used 11538K, committed 11840K, reserved 1048576K
}
Event: 196.080 GC heap after
{Heap after GC invocations=41 (full 20):
 garbage-first heap   total 1572864K, used 90157K [0x0000000701800000, 0x0000000800000000)
  region size 2048K, 1 young (2048K), 1 survivors (2048K)
 Metaspace       used 83023K, committed 83648K, reserved 1122304K
  class space    used 11538K, committed 11840K, reserved 1048576K
}
Event: 196.128 GC heap before
{Heap before GC invocations=41 (full 20):
 garbage-first heap   total 1572864K, used 94253K [0x0000000701800000, 0x0000000800000000)
  region size 2048K, 2 young (4096K), 1 survivors (2048K)
 Metaspace       used 83024K, committed 83648K, reserved 1122304K
  class space    used 11538K, committed 11840K, reserved 1048576K
}
Event: 196.171 GC heap after
{Heap after GC invocations=42 (full 21):
 garbage-first heap   total 524288K, used 90073K [0x0000000701800000, 0x0000000800000000)
  region size 2048K, 0 young (0K), 0 survivors (0K)
 Metaspace       used 83024K, committed 83648K, reserved 1122304K
  class space    used 11538K, committed 11840K, reserved 1048576K
}
Event: 223.235 GC heap before
{Heap before GC invocations=42 (full 21):
 garbage-first heap   total 524288K, used 145369K [0x0000000701800000, 0x0000000800000000)
  region size 2048K, 24 young (49152K), 0 survivors (0K)
 Metaspace       used 83329K, committed 83968K, reserved 1122304K
  class space    used 11569K, committed 11904K, reserved 1048576K
}
Event: 223.279 GC heap after
{Heap after GC invocations=43 (full 22):
 garbage-first heap   total 524288K, used 86471K [0x0000000701800000, 0x0000000800000000)
  region size 2048K, 0 young (0K), 0 survivors (0K)
 Metaspace       used 83329K, committed 83968K, reserved 1122304K
  class space    used 11569K, committed 11904K, reserved 1048576K
}
Event: 225.047 GC heap before
{Heap before GC invocations=43 (full 22):
 garbage-first heap   total 524288K, used 135623K [0x0000000701800000, 0x0000000800000000)
  region size 2048K, 13 young (26624K), 0 survivors (0K)
 Metaspace       used 83344K, committed 83968K, reserved 1122304K
  class space    used 11569K, committed 11904K, reserved 1048576K
}
Event: 225.088 GC heap after
{Heap after GC invocations=44 (full 23):
 garbage-first heap   total 524288K, used 90525K [0x0000000701800000, 0x0000000800000000)
  region size 2048K, 0 young (0K), 0 survivors (0K)
 Metaspace       used 83344K, committed 83968K, reserved 1122304K
  class space    used 11569K, committed 11904K, reserved 1048576K
}
Event: 229.325 GC heap before
{Heap before GC invocations=44 (full 23):
 garbage-first heap   total 524288K, used 164253K [0x0000000701800000, 0x0000000800000000)
  region size 2048K, 35 young (71680K), 0 survivors (0K)
 Metaspace       used 83449K, committed 84160K, reserved 1122304K
  class space    used 11570K, committed 11904K, reserved 1048576K
}
Event: 229.368 GC heap after
{Heap after GC invocations=45 (full 24):
 garbage-first heap   total 524288K, used 87021K [0x0000000701800000, 0x0000000800000000)
  region size 2048K, 0 young (0K), 0 survivors (0K)
 Metaspace       used 83449K, committed 84160K, reserved 1122304K
  class space    used 11570K, committed 11904K, reserved 1048576K
}
Event: 234.950 GC heap before
{Heap before GC invocations=45 (full 24):
 garbage-first heap   total 524288K, used 168941K [0x0000000701800000, 0x0000000800000000)
  region size 2048K, 40 young (81920K), 0 survivors (0K)
 Metaspace       used 83637K, committed 84288K, reserved 1122304K
  class space    used 11570K, committed 11904K, reserved 1048576K
}
Event: 234.952 GC heap after
{Heap after GC invocations=46 (full 24):
 garbage-first heap   total 524288K, used 88069K [0x0000000701800000, 0x0000000800000000)
  region size 2048K, 1 young (2048K), 1 survivors (2048K)
 Metaspace       used 83637K, committed 84288K, reserved 1122304K
  class space    used 11570K, committed 11904K, reserved 1048576K
}

